<?xml version="1.0" encoding="UTF-8"?>
<!-- Generated by org.testng.reporters.JUnitXMLReporter -->
<testsuite hostname="Krishnas-MacBook-Pro.local" ignored="0" name="Test" tests="2" failures="2" timestamp="19 Sep 2017 04:03:25 GMT" time="25.158" errors="0">
  <testcase name="carousel" time="0.04" classname="com.automationtesting.testcases.PlaceOrderTest">
    <failure type="java.lang.AssertionError" message="expected [Title] but found [Automation Practice Site]">
      <![CDATA[java.lang.AssertionError: expected [Title] but found [Automation Practice Site]
	at com.automationtesting.basetest.BaseTest.verifyTitle(BaseTest.java:110)
	at com.automationtesting.testcases.PlaceOrderTest.carousel(PlaceOrderTest.java:47)
... Removed 35 stack frames]]>
    </failure>
  </testcase> <!-- carousel -->
  <testcase name="placeOrder" time="24.051" classname="com.automationtesting.testcases.PlaceOrderTest">
    <failure type="java.lang.AssertionError" message="expected [true] but found [false]">
      <![CDATA[java.lang.AssertionError: expected [true] but found [false]
	at com.automationtesting.testcases.PlaceOrderTest.placeOrder(PlaceOrderTest.java:40)
... Removed 33 stack frames]]>
    </failure>
  </testcase> <!-- placeOrder -->
</testsuite> <!-- Test -->
