<?xml version="1.0" encoding="UTF-8"?>
<testng-results skipped="0" failed="0" ignored="0" total="2" passed="2">
  <reporter-output>
  </reporter-output>
  <suite name="Suite" duration-ms="26957" started-at="2017-09-16T16:26:07Z" finished-at="2017-09-16T16:26:34Z">
    <groups>
    </groups>
    <test name="Test" duration-ms="26957" started-at="2017-09-16T16:26:07Z" finished-at="2017-09-16T16:26:34Z">
      <class name="com.automationtesting.testcases.PlaceOrderTest">
        <test-method status="PASS" signature="init()[pri:0, instance:com.automationtesting.testcases.PlaceOrderTest@4909b8da]" name="init" is-config="true" duration-ms="9994" started-at="2017-09-16T21:55:57Z" finished-at="2017-09-16T21:56:07Z">
          <reporter-output>
          </reporter-output>
        </test-method> <!-- init -->
        <test-method status="PASS" signature="carousel()[pri:0, instance:com.automationtesting.testcases.PlaceOrderTest@4909b8da]" name="carousel" duration-ms="22" started-at="2017-09-16T21:56:07Z" finished-at="2017-09-16T21:56:07Z">
          <reporter-output>
          </reporter-output>
        </test-method> <!-- carousel -->
        <test-method status="PASS" signature="getResult(org.testng.ITestResult)[pri:0, instance:com.automationtesting.testcases.PlaceOrderTest@4909b8da]" name="getResult" is-config="true" duration-ms="2" started-at="2017-09-16T21:56:07Z" finished-at="2017-09-16T21:56:07Z">
          <params>
            <param index="0">
              <value>
                <![CDATA[[TestResult name=carousel status=SUCCESS method=PlaceOrderTest.carousel()[pri:0, instance:com.automationtesting.testcases.PlaceOrderTest@4909b8da] output={null}]]]>
              </value>
            </param>
          </params>
          <reporter-output>
          </reporter-output>
        </test-method> <!-- getResult -->
        <test-method status="PASS" signature="placeOrder()[pri:0, instance:com.automationtesting.testcases.PlaceOrderTest@4909b8da]" name="placeOrder" duration-ms="26907" started-at="2017-09-16T21:56:07Z" finished-at="2017-09-16T21:56:34Z">
          <reporter-output>
          </reporter-output>
        </test-method> <!-- placeOrder -->
        <test-method status="PASS" signature="getResult(org.testng.ITestResult)[pri:0, instance:com.automationtesting.testcases.PlaceOrderTest@4909b8da]" name="getResult" is-config="true" duration-ms="1" started-at="2017-09-16T21:56:34Z" finished-at="2017-09-16T21:56:34Z">
          <params>
            <param index="0">
              <value>
                <![CDATA[[TestResult name=placeOrder status=SUCCESS method=PlaceOrderTest.placeOrder()[pri:0, instance:com.automationtesting.testcases.PlaceOrderTest@4909b8da] output={null}]]]>
              </value>
            </param>
          </params>
          <reporter-output>
          </reporter-output>
        </test-method> <!-- getResult -->
        <test-method status="PASS" signature="tearDown()[pri:0, instance:com.automationtesting.testcases.PlaceOrderTest@4909b8da]" name="tearDown" is-config="true" duration-ms="638" started-at="2017-09-16T21:56:34Z" finished-at="2017-09-16T21:56:35Z">
          <reporter-output>
          </reporter-output>
        </test-method> <!-- tearDown -->
      </class> <!-- com.automationtesting.testcases.PlaceOrderTest -->
    </test> <!-- Test -->
  </suite> <!-- Suite -->
</testng-results>
